[0.686s] Invoking command in '/root/ros2_ws/src/turtle_control_Nome': PYTHONPATH=/root/ros2_ws/build/turtle_control_Nome/prefix_override:/root/ros2_ws/install/turtle_control_Nome/lib/python3.10/site-packages:${PYTHONPATH} /usr/bin/python3 setup.py egg_info --egg-base ../../build/turtle_control_Nome build --build-base /root/ros2_ws/build/turtle_control_Nome/build install --record /root/ros2_ws/build/turtle_control_Nome/install.log --single-version-externally-managed
[0.909s] running egg_info
[0.909s] writing ../../build/turtle_control_Nome/turtle_control_Nome.egg-info/PKG-INFO
[0.910s] writing dependency_links to ../../build/turtle_control_Nome/turtle_control_Nome.egg-info/dependency_links.txt
[0.910s] writing entry points to ../../build/turtle_control_Nome/turtle_control_Nome.egg-info/entry_points.txt
[0.910s] writing requirements to ../../build/turtle_control_Nome/turtle_control_Nome.egg-info/requires.txt
[0.910s] writing top-level names to ../../build/turtle_control_Nome/turtle_control_Nome.egg-info/top_level.txt
[0.912s] reading manifest file '../../build/turtle_control_Nome/turtle_control_Nome.egg-info/SOURCES.txt'
[0.913s] writing manifest file '../../build/turtle_control_Nome/turtle_control_Nome.egg-info/SOURCES.txt'
[0.913s] running build
[0.913s] running build_py
[0.913s] running install
[0.914s] /usr/lib/python3/dist-packages/setuptools/command/install.py:34: SetuptoolsDeprecationWarning: setup.py install is deprecated. Use build and pip and other standards-based tools.
[0.914s]   warnings.warn(
[0.914s] running install_lib
[0.915s] running install_data
[0.916s] running install_egg_info
[0.917s] removing '/root/ros2_ws/install/turtle_control_Nome/lib/python3.10/site-packages/turtle_control_Nome-0.0.0-py3.10.egg-info' (and everything under it)
[0.917s] Copying ../../build/turtle_control_Nome/turtle_control_Nome.egg-info to /root/ros2_ws/install/turtle_control_Nome/lib/python3.10/site-packages/turtle_control_Nome-0.0.0-py3.10.egg-info
[0.918s] running install_scripts
[0.939s] Installing turtle_control script to /root/ros2_ws/install/turtle_control_Nome/lib/turtle_control_Nome
[0.939s] writing list of installed files to '/root/ros2_ws/build/turtle_control_Nome/install.log'
[0.965s] Invoked command in '/root/ros2_ws/src/turtle_control_Nome' returned '0': PYTHONPATH=/root/ros2_ws/build/turtle_control_Nome/prefix_override:/root/ros2_ws/install/turtle_control_Nome/lib/python3.10/site-packages:${PYTHONPATH} /usr/bin/python3 setup.py egg_info --egg-base ../../build/turtle_control_Nome build --build-base /root/ros2_ws/build/turtle_control_Nome/build install --record /root/ros2_ws/build/turtle_control_Nome/install.log --single-version-externally-managed
