[0.676s] Invoking command in '/root/ros2_ws/src/turtle_control_FRA': PYTHONPATH=/root/ros2_ws/build/turtle_control_FRA/prefix_override:/root/ros2_ws/install/turtle_control_FRA/lib/python3.10/site-packages:${PYTHONPATH} /usr/bin/python3 setup.py egg_info --egg-base ../../build/turtle_control_FRA build --build-base /root/ros2_ws/build/turtle_control_FRA/build install --record /root/ros2_ws/build/turtle_control_FRA/install.log --single-version-externally-managed
[0.848s] running egg_info
[0.849s] writing ../../build/turtle_control_FRA/turtle_control_FRA.egg-info/PKG-INFO
[0.849s] writing dependency_links to ../../build/turtle_control_FRA/turtle_control_FRA.egg-info/dependency_links.txt
[0.849s] writing entry points to ../../build/turtle_control_FRA/turtle_control_FRA.egg-info/entry_points.txt
[0.849s] writing requirements to ../../build/turtle_control_FRA/turtle_control_FRA.egg-info/requires.txt
[0.849s] writing top-level names to ../../build/turtle_control_FRA/turtle_control_FRA.egg-info/top_level.txt
[0.851s] reading manifest file '../../build/turtle_control_FRA/turtle_control_FRA.egg-info/SOURCES.txt'
[0.851s] writing manifest file '../../build/turtle_control_FRA/turtle_control_FRA.egg-info/SOURCES.txt'
[0.851s] running build
[0.851s] running build_py
[0.851s] copying turtle_control_FRA/turtle_control.py -> /root/ros2_ws/build/turtle_control_FRA/build/lib/turtle_control_FRA
[0.852s] running install
[0.852s] /usr/lib/python3/dist-packages/setuptools/command/install.py:34: SetuptoolsDeprecationWarning: setup.py install is deprecated. Use build and pip and other standards-based tools.
[0.852s]   warnings.warn(
[0.852s] running install_lib
[0.853s] copying /root/ros2_ws/build/turtle_control_FRA/build/lib/turtle_control_FRA/turtle_control.py -> /root/ros2_ws/install/turtle_control_FRA/lib/python3.10/site-packages/turtle_control_FRA
[0.853s] byte-compiling /root/ros2_ws/install/turtle_control_FRA/lib/python3.10/site-packages/turtle_control_FRA/turtle_control.py to turtle_control.cpython-310.pyc
[0.854s]   File "/root/ros2_ws/install/turtle_control_FRA/lib/python3.10/site-packages/turtle_control_FRA/turtle_control.py", line 77
[0.854s]     if abs(self.x_error) > 0,5 and abs(self.y_error) > 0,5:
[0.854s]                             ^
[0.854s] SyntaxError: invalid syntax
[0.854s] 
[0.854s] running install_data
[0.854s] running install_egg_info
[0.855s] removing '/root/ros2_ws/install/turtle_control_FRA/lib/python3.10/site-packages/turtle_control_FRA-0.0.0-py3.10.egg-info' (and everything under it)
[0.855s] Copying ../../build/turtle_control_FRA/turtle_control_FRA.egg-info to /root/ros2_ws/install/turtle_control_FRA/lib/python3.10/site-packages/turtle_control_FRA-0.0.0-py3.10.egg-info
[0.856s] running install_scripts
[0.873s] Installing turtle_control script to /root/ros2_ws/install/turtle_control_FRA/lib/turtle_control_FRA
[0.874s] writing list of installed files to '/root/ros2_ws/build/turtle_control_FRA/install.log'
[0.901s] Invoked command in '/root/ros2_ws/src/turtle_control_FRA' returned '0': PYTHONPATH=/root/ros2_ws/build/turtle_control_FRA/prefix_override:/root/ros2_ws/install/turtle_control_FRA/lib/python3.10/site-packages:${PYTHONPATH} /usr/bin/python3 setup.py egg_info --egg-base ../../build/turtle_control_FRA build --build-base /root/ros2_ws/build/turtle_control_FRA/build install --record /root/ros2_ws/build/turtle_control_FRA/install.log --single-version-externally-managed
